<?xml version="1.0" encoding="UTF-8"?>
<!-- Generated by org.testng.reporters.JUnitReportReporter -->
<testsuite hostname="MININT-9BT7VOQ" failures="0" tests="5" name="com.sky.test.ApplicationTest" time="11.665" errors="0" timestamp="2022-01-30T09:14:06 PST" skipped="0">
  <testcase classname="com.sky.test.ApplicationTest" name="VerifyAstronomyPictureOfTheDayWithValidKey" time="8.499"/>
  <system-out/>
  <testcase classname="com.sky.test.ApplicationTest" name="VerifyAstronomyPictureOfTheDayWithInValidKey" time="0.647"/>
  <system-out/>
  <testcase classname="com.sky.test.ApplicationTest" name="VerifyAstronomyPictureOfTheDayWithInValidRequest" time="0.698"/>
  <system-out/>
  <testcase classname="com.sky.test.ApplicationTest" name="VerifyAstronomyPictureOfTheDayWithInValidDateFormat" time="1.197"/>
  <system-out/>
  <testcase classname="com.sky.test.ApplicationTest" name="VerifyAstronomyPictureOfTheDayWithInValidDate" time="0.624"/>
  <system-out/>
</testsuite> <!-- com.sky.test.ApplicationTest -->
