<?xml version="1.0" encoding="UTF-8"?>
<!-- Generated by org.testng.reporters.JUnitReportReporter -->
<testsuite hostname="MININT-9BT7VOQ" failures="0" tests="1" name="com.sky.test.ApplicationTest" time="7.354" errors="0" timestamp="2022-01-08T09:38:51 PST" skipped="0">
  <testcase classname="com.sky.test.ApplicationTest" name="VerifyAstronomyPictureOfTheDay" time="7.354"/>
  <system-out/>
</testsuite> <!-- com.sky.test.ApplicationTest -->
